[2021-03-04T17:07:43.912] [INFO] resLogger - 
*************** response log start ***************
请求方式: GET
请求接口路径:  /api/cj
访问的ip  ::1
访问的设备:  PostmanRuntime/7.26.8
地址栏传的值:  {}
响应状态码: 404
响应内容: 
undefined
*************** response log end ***************

[2021-03-04T17:09:16.501] [INFO] resLogger - 
*************** response log start ***************
请求方式: GET
请求接口路径:  /api/cj
访问的ip  ::1
访问的设备:  PostmanRuntime/7.26.8
地址栏传的值:  {}
响应状态码: 404
响应内容: 
undefined
*************** response log end ***************

[2021-03-04T17:11:43.960] [INFO] resLogger - 
*************** response log start ***************
请求方式: GET
请求接口路径:  /api/cj
访问的ip  ::1
访问的设备:  PostmanRuntime/7.26.8
地址栏传的值:  {}
响应状态码: 404
响应内容: 
undefined
*************** response log end ***************

[2021-03-04T17:12:09.607] [INFO] resLogger - 
*************** response log start ***************
请求方式: GET
请求接口路径:  /api/cj
访问的ip  ::1
访问的设备:  PostmanRuntime/7.26.8
地址栏传的值:  {}
响应状态码: 404
响应内容: 
undefined
*************** response log end ***************

[2021-03-04T17:13:02.233] [INFO] resLogger - 
*************** response log start ***************
请求方式: GET
请求接口路径:  /api/cj
访问的ip  ::1
访问的设备:  PostmanRuntime/7.26.8
地址栏传的值:  {}
响应状态码: 404
响应内容: 
undefined
*************** response log end ***************

[2021-03-04T17:13:37.180] [INFO] resLogger - 
*************** response log start ***************
请求方式: GET
请求接口路径:  /api/cj
访问的ip  ::1
访问的设备:  PostmanRuntime/7.26.8
地址栏传的值:  {}
响应状态码: 404
响应内容: 
undefined
*************** response log end ***************

[2021-03-04T17:13:58.009] [INFO] resLogger - 
*************** response log start ***************
请求方式: GET
请求接口路径:  /api/cj
访问的ip  ::1
访问的设备:  PostmanRuntime/7.26.8
地址栏传的值:  {}
响应状态码: 404
响应内容: 
undefined
*************** response log end ***************

[2021-03-04T17:14:14.727] [INFO] resLogger - 
*************** response log start ***************
请求方式: GET
请求接口路径:  /api/cj
访问的ip  ::1
访问的设备:  PostmanRuntime/7.26.8
地址栏传的值:  {}
响应状态码: 404
响应内容: 
undefined
*************** response log end ***************

[2021-03-04T17:14:35.356] [INFO] resLogger - 
*************** response log start ***************
请求方式: GET
请求接口路径:  /api/cj
访问的ip  ::1
访问的设备:  PostmanRuntime/7.26.8
地址栏传的值:  {}
响应状态码: 404
响应内容: 
undefined
*************** response log end ***************

[2021-03-04T17:15:13.743] [INFO] resLogger - 
*************** response log start ***************
请求方式: GET
请求接口路径:  /api/cj
访问的ip  ::1
访问的设备:  PostmanRuntime/7.26.8
地址栏传的值:  {}
响应状态码: 404
响应内容: 
undefined
*************** response log end ***************

