[2021-03-04T16:05:18.031] [INFO] resLogger - null
[2021-03-04T16:14:37.364] [INFO] resLogger - null
[2021-03-04T16:15:21.366] [INFO] resLogger - null
[2021-03-04T16:15:40.813] [INFO] resLogger - null
[2021-03-04T16:20:17.099] [INFO] resLogger - null
[2021-03-04T16:20:41.273] [INFO] resLogger - null
[2021-03-04T16:20:58.365] [INFO] resLogger - null
[2021-03-04T16:21:15.457] [INFO] resLogger - null
[2021-03-04T16:21:15.635] [INFO] resLogger - null
[2021-03-04T16:21:17.641] [INFO] resLogger - null
[2021-03-04T16:26:00.342] [INFO] resLogger - 
*************** response log start ***************
请求方式: GET
请求接口路径:  /api/cj/5
访问的ip  ::1
访问的设备:  PostmanRuntime/7.26.8
地址栏传的值:  {}
响应状态码: 404
响应内容: 
undefined
*************** response log end ***************

[2021-03-04T16:26:32.040] [INFO] resLogger - 
*************** response log start ***************
请求方式: GET
请求接口路径:  /api/cj/5
访问的ip  ::1
访问的设备:  Mozilla/5.0 (Windows NT 10.0; Win64; x64) AppleWebKit/537.36 (KHTML, like Gecko) Chrome/87.0.4280.88 Safari/537.36
地址栏传的值:  {}
响应状态码: 404
响应内容: 
undefined
*************** response log end ***************

[2021-03-04T16:28:47.960] [INFO] resLogger - null
[2021-03-04T16:28:59.366] [INFO] resLogger - null
[2021-03-04T16:29:12.035] [INFO] resLogger - null
[2021-03-04T16:35:06.352] [INFO] resLogger - 
*************** response log start ***************
请求方式: GET
请求接口路径:  /api/cj/5
访问的ip  ::1
访问的设备:  PostmanRuntime/7.26.8
地址栏传的值:  {}
响应状态码: 404
响应内容: 
undefined
*************** response log end ***************

