[2021-03-04T16:42:50.096] [ERROR] errorLogger - 
*************** error log start ***************
请求方式: GET
请求接口路径:  /api/cj
访问的ip  ::1
访问的设备:  PostmanRuntime/7.26.8
地址栏传的值:  {}
err name: ReferenceError
err message: logsUtil is not defined
err stack: ReferenceError: logsUtil is not defined
    at options (C:\Users\Administrator\Desktop\pet\api\cj.js:8:3)
    at dispatch (C:\Users\Administrator\Desktop\pet\node_modules\koa-compose\index.js:42:32)
    at C:\Users\Administrator\Desktop\pet\node_modules\koa-router\lib\router.js:372:16
    at dispatch (C:\Users\Administrator\Desktop\pet\node_modules\koa-compose\index.js:42:32)
    at C:\Users\Administrator\Desktop\pet\node_modules\koa-compose\index.js:34:12
    at dispatch (C:\Users\Administrator\Desktop\pet\node_modules\koa-router\lib\router.js:377:31)
    at dispatch (C:\Users\Administrator\Desktop\pet\node_modules\koa-compose\index.js:42:32)
    at cors (C:\Users\Administrator\Desktop\pet\node_modules\koa2-cors\dist\index.js:91:15)
    at dispatch (C:\Users\Administrator\Desktop\pet\node_modules\koa-compose\index.js:42:32)
    at C:\Users\Administrator\Desktop\pet\node_modules\koa-body\index.js:148:14
*************** error log end ***************

[2021-03-04T16:43:18.523] [ERROR] errorLogger - 
*************** error log start ***************
请求方式: GET
请求接口路径:  /api/cj
访问的ip  ::1
访问的设备:  PostmanRuntime/7.26.8
地址栏传的值:  {}
err name: ReferenceError
err message: logsUtil is not defined
err stack: ReferenceError: logsUtil is not defined
    at options (C:\Users\Administrator\Desktop\pet\api\cj.js:8:3)
    at dispatch (C:\Users\Administrator\Desktop\pet\node_modules\koa-compose\index.js:42:32)
    at C:\Users\Administrator\Desktop\pet\node_modules\koa-router\lib\router.js:372:16
    at dispatch (C:\Users\Administrator\Desktop\pet\node_modules\koa-compose\index.js:42:32)
    at C:\Users\Administrator\Desktop\pet\node_modules\koa-compose\index.js:34:12
    at dispatch (C:\Users\Administrator\Desktop\pet\node_modules\koa-router\lib\router.js:377:31)
    at dispatch (C:\Users\Administrator\Desktop\pet\node_modules\koa-compose\index.js:42:32)
    at cors (C:\Users\Administrator\Desktop\pet\node_modules\koa2-cors\dist\index.js:91:15)
    at dispatch (C:\Users\Administrator\Desktop\pet\node_modules\koa-compose\index.js:42:32)
    at C:\Users\Administrator\Desktop\pet\node_modules\koa-body\index.js:148:14
*************** error log end ***************

[2021-03-04T16:44:37.865] [ERROR] errorLogger - 
*************** error log start ***************
请求方式: GET
请求接口路径:  /api/cj
访问的ip  ::1
访问的设备:  PostmanRuntime/7.26.8
地址栏传的值:  {}
err name: ReferenceError
err message: logsUtil is not defined
err stack: ReferenceError: logsUtil is not defined
    at options (C:\Users\Administrator\Desktop\pet\api\cj.js:8:3)
    at dispatch (C:\Users\Administrator\Desktop\pet\node_modules\koa-compose\index.js:42:32)
    at C:\Users\Administrator\Desktop\pet\node_modules\koa-router\lib\router.js:372:16
    at dispatch (C:\Users\Administrator\Desktop\pet\node_modules\koa-compose\index.js:42:32)
    at C:\Users\Administrator\Desktop\pet\node_modules\koa-compose\index.js:34:12
    at dispatch (C:\Users\Administrator\Desktop\pet\node_modules\koa-router\lib\router.js:377:31)
    at dispatch (C:\Users\Administrator\Desktop\pet\node_modules\koa-compose\index.js:42:32)
    at cors (C:\Users\Administrator\Desktop\pet\node_modules\koa2-cors\dist\index.js:91:15)
    at dispatch (C:\Users\Administrator\Desktop\pet\node_modules\koa-compose\index.js:42:32)
    at C:\Users\Administrator\Desktop\pet\node_modules\koa-body\index.js:148:14
*************** error log end ***************

[2021-03-04T16:44:46.238] [ERROR] errorLogger - 
*************** error log start ***************
请求方式: GET
请求接口路径:  /api/cj
访问的ip  ::1
访问的设备:  PostmanRuntime/7.26.8
地址栏传的值:  {}
err name: ReferenceError
err message: logsUtil is not defined
err stack: ReferenceError: logsUtil is not defined
    at options (C:\Users\Administrator\Desktop\pet\api\cj.js:8:3)
    at dispatch (C:\Users\Administrator\Desktop\pet\node_modules\koa-compose\index.js:42:32)
    at C:\Users\Administrator\Desktop\pet\node_modules\koa-router\lib\router.js:372:16
    at dispatch (C:\Users\Administrator\Desktop\pet\node_modules\koa-compose\index.js:42:32)
    at C:\Users\Administrator\Desktop\pet\node_modules\koa-compose\index.js:34:12
    at dispatch (C:\Users\Administrator\Desktop\pet\node_modules\koa-router\lib\router.js:377:31)
    at dispatch (C:\Users\Administrator\Desktop\pet\node_modules\koa-compose\index.js:42:32)
    at cors (C:\Users\Administrator\Desktop\pet\node_modules\koa2-cors\dist\index.js:91:15)
    at dispatch (C:\Users\Administrator\Desktop\pet\node_modules\koa-compose\index.js:42:32)
    at C:\Users\Administrator\Desktop\pet\node_modules\koa-body\index.js:148:14
*************** error log end ***************

[2021-03-04T16:45:50.318] [ERROR] errorLogger - 
*************** error log start ***************
请求方式: GET
请求接口路径:  /api/cj
访问的ip  ::1
访问的设备:  PostmanRuntime/7.26.8
地址栏传的值:  {}
err name: ReferenceError
err message: logsUtil is not defined
err stack: ReferenceError: logsUtil is not defined
    at options (C:\Users\Administrator\Desktop\pet\api\cj.js:8:3)
    at dispatch (C:\Users\Administrator\Desktop\pet\node_modules\koa-compose\index.js:42:32)
    at C:\Users\Administrator\Desktop\pet\node_modules\koa-router\lib\router.js:372:16
    at dispatch (C:\Users\Administrator\Desktop\pet\node_modules\koa-compose\index.js:42:32)
    at C:\Users\Administrator\Desktop\pet\node_modules\koa-compose\index.js:34:12
    at dispatch (C:\Users\Administrator\Desktop\pet\node_modules\koa-router\lib\router.js:377:31)
    at dispatch (C:\Users\Administrator\Desktop\pet\node_modules\koa-compose\index.js:42:32)
    at cors (C:\Users\Administrator\Desktop\pet\node_modules\koa2-cors\dist\index.js:91:15)
    at dispatch (C:\Users\Administrator\Desktop\pet\node_modules\koa-compose\index.js:42:32)
    at C:\Users\Administrator\Desktop\pet\node_modules\koa-body\index.js:148:14
*************** error log end ***************

[2021-03-04T16:46:38.661] [ERROR] errorLogger - 
*************** error log start ***************
请求方式: GET
请求接口路径:  /api/cj
访问的ip  ::1
访问的设备:  PostmanRuntime/7.26.8
地址栏传的值:  {}
err name: ReferenceError
err message: logsUtil is not defined
err stack: ReferenceError: logsUtil is not defined
    at options (C:\Users\Administrator\Desktop\pet\api\cj.js:8:3)
    at dispatch (C:\Users\Administrator\Desktop\pet\node_modules\koa-compose\index.js:42:32)
    at C:\Users\Administrator\Desktop\pet\node_modules\koa-router\lib\router.js:372:16
    at dispatch (C:\Users\Administrator\Desktop\pet\node_modules\koa-compose\index.js:42:32)
    at C:\Users\Administrator\Desktop\pet\node_modules\koa-compose\index.js:34:12
    at dispatch (C:\Users\Administrator\Desktop\pet\node_modules\koa-router\lib\router.js:377:31)
    at dispatch (C:\Users\Administrator\Desktop\pet\node_modules\koa-compose\index.js:42:32)
    at cors (C:\Users\Administrator\Desktop\pet\node_modules\koa2-cors\dist\index.js:91:15)
    at dispatch (C:\Users\Administrator\Desktop\pet\node_modules\koa-compose\index.js:42:32)
    at C:\Users\Administrator\Desktop\pet\node_modules\koa-body\index.js:148:14
*************** error log end ***************

[2021-03-04T16:48:53.392] [ERROR] errorLogger - 
*************** error log start ***************
请求方式: GET
请求接口路径:  /api/cj
访问的ip  ::1
访问的设备:  PostmanRuntime/7.26.8
地址栏传的值:  {}
err name: ReferenceError
err message: logsUtil is not defined
err stack: ReferenceError: logsUtil is not defined
    at options (C:\Users\Administrator\Desktop\pet\api\cj.js:8:3)
    at dispatch (C:\Users\Administrator\Desktop\pet\node_modules\koa-compose\index.js:42:32)
    at C:\Users\Administrator\Desktop\pet\node_modules\koa-router\lib\router.js:372:16
    at dispatch (C:\Users\Administrator\Desktop\pet\node_modules\koa-compose\index.js:42:32)
    at C:\Users\Administrator\Desktop\pet\node_modules\koa-compose\index.js:34:12
    at dispatch (C:\Users\Administrator\Desktop\pet\node_modules\koa-router\lib\router.js:377:31)
    at dispatch (C:\Users\Administrator\Desktop\pet\node_modules\koa-compose\index.js:42:32)
    at cors (C:\Users\Administrator\Desktop\pet\node_modules\koa2-cors\dist\index.js:91:15)
    at dispatch (C:\Users\Administrator\Desktop\pet\node_modules\koa-compose\index.js:42:32)
    at C:\Users\Administrator\Desktop\pet\node_modules\koa-body\index.js:148:14
*************** error log end ***************

[2021-03-04T16:49:53.862] [ERROR] errorLogger - 
*************** error log start ***************
请求方式: GET
请求接口路径:  /api/cj
访问的ip  ::1
访问的设备:  PostmanRuntime/7.26.8
地址栏传的值:  {}
err name: ReferenceError
err message: logsUtil is not defined
err stack: ReferenceError: logsUtil is not defined
    at options (C:\Users\Administrator\Desktop\pet\api\cj.js:8:3)
    at dispatch (C:\Users\Administrator\Desktop\pet\node_modules\koa-compose\index.js:42:32)
    at C:\Users\Administrator\Desktop\pet\node_modules\koa-router\lib\router.js:372:16
    at dispatch (C:\Users\Administrator\Desktop\pet\node_modules\koa-compose\index.js:42:32)
    at C:\Users\Administrator\Desktop\pet\node_modules\koa-compose\index.js:34:12
    at dispatch (C:\Users\Administrator\Desktop\pet\node_modules\koa-router\lib\router.js:377:31)
    at dispatch (C:\Users\Administrator\Desktop\pet\node_modules\koa-compose\index.js:42:32)
    at cors (C:\Users\Administrator\Desktop\pet\node_modules\koa2-cors\dist\index.js:91:15)
    at dispatch (C:\Users\Administrator\Desktop\pet\node_modules\koa-compose\index.js:42:32)
    at C:\Users\Administrator\Desktop\pet\node_modules\koa-body\index.js:148:14
*************** error log end ***************

[2021-03-04T16:51:15.308] [ERROR] errorLogger - 
*************** error log start ***************
请求方式: GET
请求接口路径:  /api/cj
访问的ip  ::1
访问的设备:  PostmanRuntime/7.26.8
地址栏传的值:  {}
err name: ReferenceError
err message: logsUtil is not defined
err stack: ReferenceError: logsUtil is not defined
    at options (C:\Users\Administrator\Desktop\pet\api\cj.js:8:3)
    at dispatch (C:\Users\Administrator\Desktop\pet\node_modules\koa-compose\index.js:42:32)
    at C:\Users\Administrator\Desktop\pet\node_modules\koa-router\lib\router.js:372:16
    at dispatch (C:\Users\Administrator\Desktop\pet\node_modules\koa-compose\index.js:42:32)
    at C:\Users\Administrator\Desktop\pet\node_modules\koa-compose\index.js:34:12
    at dispatch (C:\Users\Administrator\Desktop\pet\node_modules\koa-router\lib\router.js:377:31)
    at dispatch (C:\Users\Administrator\Desktop\pet\node_modules\koa-compose\index.js:42:32)
    at cors (C:\Users\Administrator\Desktop\pet\node_modules\koa2-cors\dist\index.js:91:15)
    at dispatch (C:\Users\Administrator\Desktop\pet\node_modules\koa-compose\index.js:42:32)
    at C:\Users\Administrator\Desktop\pet\node_modules\koa-body\index.js:148:14
*************** error log end ***************

[2021-03-04T16:59:43.143] [ERROR] errorLogger - 
*************** error log start ***************
请求方式: GET
请求接口路径:  /api/cj
访问的ip  ::1
访问的设备:  PostmanRuntime/7.26.8
地址栏传的值:  {}
err name: ReferenceError
err message: logsUtil is not defined
err stack: ReferenceError: logsUtil is not defined
    at options (C:\Users\Administrator\Desktop\pet\api\cj.js:8:3)
    at dispatch (C:\Users\Administrator\Desktop\pet\node_modules\koa-compose\index.js:42:32)
    at C:\Users\Administrator\Desktop\pet\node_modules\koa-router\lib\router.js:372:16
    at dispatch (C:\Users\Administrator\Desktop\pet\node_modules\koa-compose\index.js:42:32)
    at C:\Users\Administrator\Desktop\pet\node_modules\koa-compose\index.js:34:12
    at dispatch (C:\Users\Administrator\Desktop\pet\node_modules\koa-router\lib\router.js:377:31)
    at dispatch (C:\Users\Administrator\Desktop\pet\node_modules\koa-compose\index.js:42:32)
    at cors (C:\Users\Administrator\Desktop\pet\node_modules\koa2-cors\dist\index.js:91:15)
    at dispatch (C:\Users\Administrator\Desktop\pet\node_modules\koa-compose\index.js:42:32)
    at C:\Users\Administrator\Desktop\pet\node_modules\koa-body\index.js:148:14
*************** error log end ***************

