[2021-03-04T17:14:35.364] [ERROR] errorLogger - 
*************** error log start ***************
请求方式: GET
请求接口路径:  /api/cj
访问的ip  ::1
访问的设备:  PostmanRuntime/7.26.8
地址栏传的值:  {}
err name: Error
err message: connect ECONNREFUSED 127.0.0.1:3306
err stack: Error: connect ECONNREFUSED 127.0.0.1:3306
    at TCPConnectWrap.afterConnect [as oncomplete] (node:net:1138:16)
    --------------------
    at Protocol._enqueue (C:\Users\Administrator\Desktop\pet\node_modules\mysql\lib\protocol\Protocol.js:144:48)
    at Protocol.handshake (C:\Users\Administrator\Desktop\pet\node_modules\mysql\lib\protocol\Protocol.js:51:23)
    at PoolConnection.connect (C:\Users\Administrator\Desktop\pet\node_modules\mysql\lib\Connection.js:116:18)
    at Pool.getConnection (C:\Users\Administrator\Desktop\pet\node_modules\mysql\lib\Pool.js:48:16)
    at C:\Users\Administrator\Desktop\pet\config\mysql.js:20:12
    at new Promise (<anonymous>)
    at query (C:\Users\Administrator\Desktop\pet\config\mysql.js:18:12)
    at findUserData (C:\Users\Administrator\Desktop\pet\db\cj.js:4:10)
    at options (C:\Users\Administrator\Desktop\pet\api\cj.js:8:14)
    at dispatch (C:\Users\Administrator\Desktop\pet\node_modules\koa-compose\index.js:42:32)
*************** error log end ***************

[2021-03-04T17:15:13.758] [ERROR] errorLogger - 
*************** error log start ***************
请求方式: GET
请求接口路径:  /api/cj
访问的ip  ::1
访问的设备:  PostmanRuntime/7.26.8
地址栏传的值:  {}
err name: Error
err message: connect ECONNREFUSED 127.0.0.1:3306
err stack: Error: connect ECONNREFUSED 127.0.0.1:3306
    at TCPConnectWrap.afterConnect [as oncomplete] (node:net:1138:16)
    --------------------
    at Protocol._enqueue (C:\Users\Administrator\Desktop\pet\node_modules\mysql\lib\protocol\Protocol.js:144:48)
    at Protocol.handshake (C:\Users\Administrator\Desktop\pet\node_modules\mysql\lib\protocol\Protocol.js:51:23)
    at PoolConnection.connect (C:\Users\Administrator\Desktop\pet\node_modules\mysql\lib\Connection.js:116:18)
    at Pool.getConnection (C:\Users\Administrator\Desktop\pet\node_modules\mysql\lib\Pool.js:48:16)
    at C:\Users\Administrator\Desktop\pet\config\mysql.js:20:12
    at new Promise (<anonymous>)
    at query (C:\Users\Administrator\Desktop\pet\config\mysql.js:18:12)
    at findUserData (C:\Users\Administrator\Desktop\pet\db\cj.js:4:10)
    at options (C:\Users\Administrator\Desktop\pet\api\cj.js:8:14)
    at dispatch (C:\Users\Administrator\Desktop\pet\node_modules\koa-compose\index.js:42:32)
*************** error log end ***************

